# JRE version: OpenJDK Runtime Environment (17.0.6) (build 17.0.6+0-b2043.56-10027231)
# Java VM: OpenJDK 64-Bit Server VM (17.0.6+0-b2043.56-10027231, mixed mode, tiered, compressed oops, compressed class ptrs, g1 gc, windows-amd64)
GC Precious Log:
 CPUs: 8 total, 8 available
 Memory: 7934M
 Large Page Support: Disabled
 NUMA Support: Disabled
 Compressed Oops: Enabled (32-bit)
 Heap Region Size: 1M
 Heap Min Capacity: 8M
 Heap Initial Capacity: 124M
 Heap Max Capacity: 2G
 Pre-touch: Disabled
 Parallel Workers: 8
 Concurrent Workers: 2
 Concurrent Refinement Workers: 8
 Periodic GC: Disabled
Heap:
 garbage-first heap   total 128000K, used 76888K [0x0000000080000000, 0x0000000100000000)
  region size 1024K, 1 young (1024K), 1 survivors (1024K)
 Metaspace       used 90298K, committed 91008K, reserved 1130496K
  class space    used 12385K, committed 12736K, reserved 1048576K
GC Heap History (20 events):
Event: 12.626 GC heap after
{Heap after GC invocations=23 (full 0):
 garbage-first heap   total 101376K, used 52813K [0x0000000080000000, 0x0000000100000000)
  region size 1024K, 4 young (4096K), 4 survivors (4096K)
 Metaspace       used 68202K, committed 68736K, reserved 1114112K
  class space    used 9058K, committed 9280K, reserved 1048576K
}
Event: 13.108 GC heap before
{Heap before GC invocations=24 (full 0):
 garbage-first heap   total 101376K, used 75341K [0x0000000080000000, 0x0000000100000000)
  region size 1024K, 27 young (27648K), 4 survivors (4096K)
 Metaspace       used 71501K, committed 72000K, reserved 1114112K
  class space    used 9501K, committed 9728K, reserved 1048576K
}
Event: 13.113 GC heap after
{Heap after GC invocations=25 (full 0):
 garbage-first heap   total 101376K, used 54053K [0x0000000080000000, 0x0000000100000000)
  region size 1024K, 3 young (3072K), 3 survivors (3072K)
 Metaspace       used 71501K, committed 72000K, reserved 1114112K
  class space    used 9501K, committed 9728K, reserved 1048576K
}
Event: 13.132 GC heap before
{Heap before GC invocations=25 (full 0):
 garbage-first heap   total 101376K, used 55077K [0x0000000080000000, 0x0000000100000000)
  region size 1024K, 4 young (4096K), 3 survivors (3072K)
 Metaspace       used 71661K, committed 72192K, reserved 1114112K
  class space    used 9524K, committed 9792K, reserved 1048576K
}
Event: 13.138 GC heap after
{Heap after GC invocations=26 (full 0):
 garbage-first heap   total 121856K, used 54369K [0x0000000080000000, 0x0000000100000000)
  region size 1024K, 1 young (1024K), 1 survivors (1024K)
 Metaspace       used 71661K, committed 72192K, reserved 1114112K
  class space    used 9524K, committed 9792K, reserved 1048576K
}
Event: 13.869 GC heap before
{Heap before GC invocations=26 (full 0):
 garbage-first heap   total 121856K, used 91233K [0x0000000080000000, 0x0000000100000000)
  region size 1024K, 37 young (37888K), 1 survivors (1024K)
 Metaspace       used 74703K, committed 75264K, reserved 1122304K
  class space    used 9924K, committed 10176K, reserved 1048576K
}
Event: 13.873 GC heap after
{Heap after GC invocations=27 (full 0):
 garbage-first heap   total 121856K, used 56123K [0x0000000080000000, 0x0000000100000000)
  region size 1024K, 3 young (3072K), 3 survivors (3072K)
 Metaspace       used 74703K, committed 75264K, reserved 1122304K
  class space    used 9924K, committed 10176K, reserved 1048576K
}
Event: 14.782 GC heap before
{Heap before GC invocations=27 (full 0):
 garbage-first heap   total 121856K, used 94011K [0x0000000080000000, 0x0000000100000000)
  region size 1024K, 40 young (40960K), 3 survivors (3072K)
 Metaspace       used 79294K, committed 79872K, reserved 1122304K
  class space    used 10764K, committed 11008K, reserved 1048576K
}
Event: 14.786 GC heap after
{Heap after GC invocations=28 (full 0):
 garbage-first heap   total 121856K, used 58308K [0x0000000080000000, 0x0000000100000000)
  region size 1024K, 5 young (5120K), 5 survivors (5120K)
 Metaspace       used 79294K, committed 79872K, reserved 1122304K
  class space    used 10764K, committed 11008K, reserved 1048576K
}
Event: 15.592 GC heap before
{Heap before GC invocations=28 (full 0):
 garbage-first heap   total 121856K, used 95172K [0x0000000080000000, 0x0000000100000000)
  region size 1024K, 41 young (41984K), 5 survivors (5120K)
 Metaspace       used 83152K, committed 83776K, reserved 1122304K
  class space    used 11332K, committed 11648K, reserved 1048576K
}
Event: 15.601 GC heap after
{Heap after GC invocations=29 (full 0):
 garbage-first heap   total 121856K, used 61274K [0x0000000080000000, 0x0000000100000000)
  region size 1024K, 6 young (6144K), 6 survivors (6144K)
 Metaspace       used 83152K, committed 83776K, reserved 1122304K
  class space    used 11332K, committed 11648K, reserved 1048576K
}
Event: 16.341 GC heap before
{Heap before GC invocations=29 (full 0):
 garbage-first heap   total 121856K, used 97114K [0x0000000080000000, 0x0000000100000000)
  region size 1024K, 41 young (41984K), 6 survivors (6144K)
 Metaspace       used 87402K, committed 88064K, reserved 1130496K
  class space    used 11938K, committed 12288K, reserved 1048576K
}
Event: 16.349 GC heap after
{Heap after GC invocations=30 (full 0):
 garbage-first heap   total 121856K, used 64382K [0x0000000080000000, 0x0000000100000000)
  region size 1024K, 6 young (6144K), 6 survivors (6144K)
 Metaspace       used 87402K, committed 88064K, reserved 1130496K
  class space    used 11938K, committed 12288K, reserved 1048576K
}
Event: 16.772 GC heap before
{Heap before GC invocations=31 (full 0):
 garbage-first heap   total 121856K, used 99198K [0x0000000080000000, 0x0000000100000000)
  region size 1024K, 40 young (40960K), 6 survivors (6144K)
 Metaspace       used 88234K, committed 88896K, reserved 1130496K
  class space    used 12035K, committed 12352K, reserved 1048576K
}
Event: 16.780 GC heap after
{Heap after GC invocations=32 (full 0):
 garbage-first heap   total 121856K, used 69378K [0x0000000080000000, 0x0000000100000000)
  region size 1024K, 5 young (5120K), 5 survivors (5120K)
 Metaspace       used 88234K, committed 88896K, reserved 1130496K
  class space    used 12035K, committed 12352K, reserved 1048576K
}
Event: 17.201 GC heap before
{Heap before GC invocations=32 (full 0):
 garbage-first heap   total 121856K, used 99074K [0x0000000080000000, 0x0000000100000000)
  region size 1024K, 34 young (34816K), 5 survivors (5120K)
 Metaspace       used 89602K, committed 90304K, reserved 1130496K
  class space    used 12288K, committed 12608K, reserved 1048576K
}
Event: 17.208 GC heap after
{Heap after GC invocations=33 (full 0):
 garbage-first heap   total 121856K, used 74223K [0x0000000080000000, 0x0000000100000000)
  region size 1024K, 5 young (5120K), 5 survivors (5120K)
 Metaspace       used 89602K, committed 90304K, reserved 1130496K
  class space    used 12288K, committed 12608K, reserved 1048576K
}
Event: 17.636 GC heap before
{Heap before GC invocations=34 (full 0):
 garbage-first heap   total 128000K, used 97775K [0x0000000080000000, 0x0000000100000000)
  region size 1024K, 29 young (29696K), 5 survivors (5120K)
 Metaspace       used 90279K, committed 90944K, reserved 1130496K
  class space    used 12385K, committed 12736K, reserved 1048576K
}
Event: 17.643 GC heap after
{Heap after GC invocations=35 (full 0):
 garbage-first heap   total 128000K, used 76871K [0x0000000080000000, 0x0000000100000000)
  region size 1024K, 3 young (3072K), 3 survivors (3072K)
 Metaspace       used 90279K, committed 90944K, reserved 1130496K
  class space    used 12385K, committed 12736K, reserved 1048576K
}
Event: 17.665 GC heap before
{Heap before GC invocations=35 (full 0):
 garbage-first heap   total 128000K, used 79943K [0x0000000080000000, 0x0000000100000000)
  region size 1024K, 6 young (6144K), 3 survivors (3072K)
 Metaspace       used 90298K, committed 91008K, reserved 1130496K
  class space    used 12385K, committed 12736K, reserved 1048576K
}

