# JRE version: OpenJDK Runtime Environment (17.0.6) (build 17.0.6+0-b2043.56-10027231)
# Java VM: OpenJDK 64-Bit Server VM (17.0.6+0-b2043.56-10027231, mixed mode, tiered, compressed oops, compressed class ptrs, g1 gc, windows-amd64)
GC Precious Log:
 CPUs: 8 total, 8 available
 Memory: 7934M
 Large Page Support: Disabled
 NUMA Support: Disabled
 Compressed Oops: Enabled (32-bit)
 Heap Region Size: 1M
 Heap Min Capacity: 8M
 Heap Initial Capacity: 124M
 Heap Max Capacity: 2G
 Pre-touch: Disabled
 Parallel Workers: 8
 Concurrent Workers: 2
 Concurrent Refinement Workers: 8
 Periodic GC: Disabled
Heap:
 garbage-first heap   total 189440K, used 142499K [0x0000000080000000, 0x0000000100000000)
  region size 1024K, 40 young (40960K), 1 survivors (1024K)
 Metaspace       used 122086K, committed 122816K, reserved 1155072K
  class space    used 16815K, committed 17152K, reserved 1048576K
GC Heap History (20 events):
Event: 29.114 GC heap before
{Heap before GC invocations=41 (full 0):
 garbage-first heap   total 165888K, used 131809K [0x0000000080000000, 0x0000000100000000)
  region size 1024K, 52 young (53248K), 5 survivors (5120K)
 Metaspace       used 96901K, committed 97536K, reserved 1138688K
  class space    used 13205K, committed 13504K, reserved 1048576K
}
Event: 29.121 GC heap after
{Heap after GC invocations=42 (full 0):
 garbage-first heap   total 165888K, used 88237K [0x0000000080000000, 0x0000000100000000)
  region size 1024K, 4 young (4096K), 4 survivors (4096K)
 Metaspace       used 96901K, committed 97536K, reserved 1138688K
  class space    used 13205K, committed 13504K, reserved 1048576K
}
Event: 29.232 GC heap before
{Heap before GC invocations=42 (full 0):
 garbage-first heap   total 165888K, used 92333K [0x0000000080000000, 0x0000000100000000)
  region size 1024K, 8 young (8192K), 4 survivors (4096K)
 Metaspace       used 97858K, committed 98496K, reserved 1138688K
  class space    used 13282K, committed 13568K, reserved 1048576K
}
Event: 29.236 GC heap after
{Heap after GC invocations=43 (full 0):
 garbage-first heap   total 165888K, used 88052K [0x0000000080000000, 0x0000000100000000)
  region size 1024K, 1 young (1024K), 1 survivors (1024K)
 Metaspace       used 97858K, committed 98496K, reserved 1138688K
  class space    used 13282K, committed 13568K, reserved 1048576K
}
Event: 36.380 GC heap before
{Heap before GC invocations=43 (full 0):
 garbage-first heap   total 165888K, used 134132K [0x0000000080000000, 0x0000000100000000)
  region size 1024K, 47 young (48128K), 1 survivors (1024K)
 Metaspace       used 104056K, committed 104704K, reserved 1146880K
  class space    used 14115K, committed 14400K, reserved 1048576K
}
Event: 36.387 GC heap after
{Heap after GC invocations=44 (full 0):
 garbage-first heap   total 165888K, used 93160K [0x0000000080000000, 0x0000000100000000)
  region size 1024K, 6 young (6144K), 6 survivors (6144K)
 Metaspace       used 104056K, committed 104704K, reserved 1146880K
  class space    used 14115K, committed 14400K, reserved 1048576K
}
Event: 40.990 GC heap before
{Heap before GC invocations=45 (full 0):
 garbage-first heap   total 165888K, used 136168K [0x0000000080000000, 0x0000000100000000)
  region size 1024K, 47 young (48128K), 6 survivors (6144K)
 Metaspace       used 107141K, committed 107840K, reserved 1146880K
  class space    used 14448K, committed 14784K, reserved 1048576K
}
Event: 41.001 GC heap after
{Heap after GC invocations=46 (full 0):
 garbage-first heap   total 165888K, used 104137K [0x0000000080000000, 0x0000000100000000)
  region size 1024K, 6 young (6144K), 6 survivors (6144K)
 Metaspace       used 107141K, committed 107840K, reserved 1146880K
  class space    used 14448K, committed 14784K, reserved 1048576K
}
Event: 41.062 GC heap before
{Heap before GC invocations=46 (full 0):
 garbage-first heap   total 165888K, used 107209K [0x0000000080000000, 0x0000000100000000)
  region size 1024K, 8 young (8192K), 6 survivors (6144K)
 Metaspace       used 107984K, committed 108672K, reserved 1146880K
  class space    used 14476K, committed 14784K, reserved 1048576K
}
Event: 41.067 GC heap after
{Heap after GC invocations=47 (full 0):
 garbage-first heap   total 165888K, used 104725K [0x0000000080000000, 0x0000000100000000)
  region size 1024K, 1 young (1024K), 1 survivors (1024K)
 Metaspace       used 107984K, committed 108672K, reserved 1146880K
  class space    used 14476K, committed 14784K, reserved 1048576K
}
Event: 42.113 GC heap before
{Heap before GC invocations=47 (full 0):
 garbage-first heap   total 165888K, used 134421K [0x0000000080000000, 0x0000000100000000)
  region size 1024K, 31 young (31744K), 1 survivors (1024K)
 Metaspace       used 109498K, committed 110272K, reserved 1146880K
  class space    used 14697K, committed 15104K, reserved 1048576K
}
Event: 42.120 GC heap after
{Heap after GC invocations=48 (full 0):
 garbage-first heap   total 165888K, used 107438K [0x0000000080000000, 0x0000000100000000)
  region size 1024K, 4 young (4096K), 4 survivors (4096K)
 Metaspace       used 109498K, committed 110272K, reserved 1146880K
  class space    used 14697K, committed 15104K, reserved 1048576K
}
Event: 42.902 GC heap before
{Heap before GC invocations=48 (full 0):
 garbage-first heap   total 165888K, used 135086K [0x0000000080000000, 0x0000000100000000)
  region size 1024K, 32 young (32768K), 4 survivors (4096K)
 Metaspace       used 109511K, committed 110272K, reserved 1146880K
  class space    used 14697K, committed 15104K, reserved 1048576K
}
Event: 42.908 GC heap after
{Heap after GC invocations=49 (full 0):
 garbage-first heap   total 165888K, used 109150K [0x0000000080000000, 0x0000000100000000)
  region size 1024K, 2 young (2048K), 2 survivors (2048K)
 Metaspace       used 109511K, committed 110272K, reserved 1146880K
  class space    used 14697K, committed 15104K, reserved 1048576K
}
Event: 43.639 GC heap before
{Heap before GC invocations=49 (full 0):
 garbage-first heap   total 165888K, used 137822K [0x0000000080000000, 0x0000000100000000)
  region size 1024K, 31 young (31744K), 2 survivors (2048K)
 Metaspace       used 110764K, committed 111552K, reserved 1146880K
  class space    used 14882K, committed 15296K, reserved 1048576K
}
Event: 43.644 GC heap after
{Heap after GC invocations=50 (full 0):
 garbage-first heap   total 165888K, used 110430K [0x0000000080000000, 0x0000000100000000)
  region size 1024K, 3 young (3072K), 3 survivors (3072K)
 Metaspace       used 110764K, committed 111552K, reserved 1146880K
  class space    used 14882K, committed 15296K, reserved 1048576K
}
Event: 44.661 GC heap before
{Heap before GC invocations=51 (full 0):
 garbage-first heap   total 189440K, used 137054K [0x0000000080000000, 0x0000000100000000)
  region size 1024K, 30 young (30720K), 3 survivors (3072K)
 Metaspace       used 116131K, committed 116864K, reserved 1155072K
  class space    used 15779K, committed 16128K, reserved 1048576K
}
Event: 44.668 GC heap after
{Heap after GC invocations=52 (full 0):
 garbage-first heap   total 189440K, used 111620K [0x0000000080000000, 0x0000000100000000)
  region size 1024K, 3 young (3072K), 3 survivors (3072K)
 Metaspace       used 116131K, committed 116864K, reserved 1155072K
  class space    used 15779K, committed 16128K, reserved 1048576K
}
Event: 44.924 GC heap before
{Heap before GC invocations=52 (full 0):
 garbage-first heap   total 189440K, used 117764K [0x0000000080000000, 0x0000000100000000)
  region size 1024K, 9 young (9216K), 3 survivors (3072K)
 Metaspace       used 117937K, committed 118656K, reserved 1155072K
  class space    used 16060K, committed 16448K, reserved 1048576K
}
Event: 44.954 GC heap after
{Heap after GC invocations=53 (full 0):
 garbage-first heap   total 189440K, used 104611K [0x0000000080000000, 0x0000000100000000)
  region size 1024K, 1 young (1024K), 1 survivors (1024K)
 Metaspace       used 117937K, committed 118656K, reserved 1155072K
  class space    used 16060K, committed 16448K, reserved 1048576K
}

